<?xml version="1.0" encoding="UTF-8"?>
<robot generator="Robot 7.0 (Python 3.12.1 on win32)" generated="2024-05-31T16:56:25.288919" rpa="false" schemaversion="5">
<suite id="s1" name="Tests" source="C:\Users\Yahya\IdeaProjects\Robot\Tests">
<suite id="s1-s1" name="Vinted Searche Produit" source="C:\Users\Yahya\IdeaProjects\Robot\Tests\vinted_searche_produit.robot">
<test id="s1-s1-t1" name="vinted search bar" line="14">
<kw name="Go to url_vinted" owner="BasePage">
<kw name="Open Browser">
<msg time="2024-05-31T16:56:25.362067" level="FAIL">No keyword with name 'Open Browser' found.</msg>
<arg>${url_vinted}</arg>
<arg>${Browser}</arg>
<status status="FAIL" start="2024-05-31T16:56:25.362067" elapsed="0.000000">No keyword with name 'Open Browser' found.</status>
</kw>
<kw name="Maximize Browser Window">
<status status="NOT RUN" start="2024-05-31T16:56:25.362067" elapsed="0.000000"/>
</kw>
<status status="FAIL" start="2024-05-31T16:56:25.362067" elapsed="0.000000">No keyword with name 'Open Browser' found.</status>
</kw>
<kw name="Write ay8embijoux at the searche bar and click enter" owner="vinted_searche_page">
<status status="NOT RUN" start="2024-05-31T16:56:25.362067" elapsed="0.000000"/>
</kw>
<kw name="Verifier there are 11 results" owner="vinted_searche_page">
<status status="NOT RUN" start="2024-05-31T16:56:25.362067" elapsed="0.000000"/>
</kw>
<tag>Smoke</tag>
<status status="FAIL" start="2024-05-31T16:56:25.362067" elapsed="0.000000">No keyword with name 'Open Browser' found.</status>
</test>
<status status="FAIL" start="2024-05-31T16:56:25.319048" elapsed="0.043019"/>
</suite>
<status status="FAIL" start="2024-05-31T16:56:25.303420" elapsed="0.058647"/>
</suite>
<statistics>
<total>
<stat pass="0" fail="1" skip="0">All Tests</stat>
</total>
<tag>
<stat pass="0" fail="1" skip="0">Smoke</stat>
</tag>
<suite>
<stat pass="0" fail="1" skip="0" id="s1" name="Tests">Tests</stat>
<stat pass="0" fail="1" skip="0" id="s1-s1" name="Vinted Searche Produit">Tests.Vinted Searche Produit</stat>
</suite>
</statistics>
<errors>
<msg time="2024-05-31T16:56:25.335385" level="ERROR">Error in file 'C:\Users\Yahya\IdeaProjects\Robot\Tests\vinted_searche_produit.robot' on line 2: Importing library 'SeleniumLibrary' failed: ModuleNotFoundError: No module named 'SeleniumLibrary'
Traceback (most recent call last):
  None
PYTHONPATH:
  C:\Users\Yahya\IdeaProjects\Robot\.venv\Scripts\robot.exe
  C:\Users\Yahya\AppData\Local\Programs\Python\Python312\python312.zip
  C:\Users\Yahya\AppData\Local\Programs\Python\Python312\DLLs
  C:\Users\Yahya\AppData\Local\Programs\Python\Python312\Lib
  C:\Users\Yahya\AppData\Local\Programs\Python\Python312
  c:\Users\Yahya\IdeaProjects\Robot\.venv
  c:\Users\Yahya\IdeaProjects\Robot\.venv\Lib\site-packages</msg>
<msg time="2024-05-31T16:56:25.335385" level="WARN">Imported library 'C:\Users\Yahya\IdeaProjects\Robot\Resources\methot.py' contains no keywords.</msg>
<msg time="2024-05-31T16:56:25.335385" level="ERROR">Error in file 'C:\Users\Yahya\IdeaProjects\Robot\Pages\vinted_searche_page.robot' on line 2: Importing library 'SeleniumLibrary' failed: ModuleNotFoundError: No module named 'SeleniumLibrary'
Traceback (most recent call last):
  None
PYTHONPATH:
  C:\Users\Yahya\IdeaProjects\Robot\.venv\Scripts\robot.exe
  C:\Users\Yahya\AppData\Local\Programs\Python\Python312\python312.zip
  C:\Users\Yahya\AppData\Local\Programs\Python\Python312\DLLs
  C:\Users\Yahya\AppData\Local\Programs\Python\Python312\Lib
  C:\Users\Yahya\AppData\Local\Programs\Python\Python312
  c:\Users\Yahya\IdeaProjects\Robot\.venv
  c:\Users\Yahya\IdeaProjects\Robot\.venv\Lib\site-packages</msg>
<msg time="2024-05-31T16:56:25.346413" level="ERROR">Error in file 'C:\Users\Yahya\IdeaProjects\Robot\Pages\BasePage.robot' on line 3: Importing library 'SeleniumLibrary' failed: ModuleNotFoundError: No module named 'SeleniumLibrary'
Traceback (most recent call last):
  None
PYTHONPATH:
  C:\Users\Yahya\IdeaProjects\Robot\.venv\Scripts\robot.exe
  C:\Users\Yahya\AppData\Local\Programs\Python\Python312\python312.zip
  C:\Users\Yahya\AppData\Local\Programs\Python\Python312\DLLs
  C:\Users\Yahya\AppData\Local\Programs\Python\Python312\Lib
  C:\Users\Yahya\AppData\Local\Programs\Python\Python312
  c:\Users\Yahya\IdeaProjects\Robot\.venv
  c:\Users\Yahya\IdeaProjects\Robot\.venv\Lib\site-packages</msg>
</errors>
</robot>
