[ ERROR ] Error in file 'C:\Users\Yahya\IdeaProjects\Robot\Pages\vinted_searche_page.robot' on line 2: Importing library 'SeleniumLibrary' failed: ModuleNotFoundError: No module named 'SeleniumLibrary'
Traceback (most recent call last):
  None
PYTHONPATH:
  C:\Users\Yahya\IdeaProjects\Robot\.venv\Scripts\robot.exe
  C:\Users\Yahya\AppData\Local\Programs\Python\Python312\python312.zip
  C:\Users\Yahya\AppData\Local\Programs\Python\Python312\DLLs
  C:\Users\Yahya\AppData\Local\Programs\Python\Python312\Lib
  C:\Users\Yahya\AppData\Local\Programs\Python\Python312
  c:\Users\Yahya\IdeaProjects\Robot\.venv
  c:\Users\Yahya\IdeaProjects\Robot\.venv\Lib\site-packages
[ ERROR ] Error in file 'C:\Users\Yahya\IdeaProjects\Robot\Pages\vinted_home_Page.robot' on line 2: Importing library 'SeleniumLibrary' failed: ModuleNotFoundError: No module named 'SeleniumLibrary'
Traceback (most recent call last):
  None
PYTHONPATH:
  C:\Users\Yahya\IdeaProjects\Robot\.venv\Scripts\robot.exe
  C:\Users\Yahya\AppData\Local\Programs\Python\Python312\python312.zip
  C:\Users\Yahya\AppData\Local\Programs\Python\Python312\DLLs
  C:\Users\Yahya\AppData\Local\Programs\Python\Python312\Lib
  C:\Users\Yahya\AppData\Local\Programs\Python\Python312
  c:\Users\Yahya\IdeaProjects\Robot\.venv
  c:\Users\Yahya\IdeaProjects\Robot\.venv\Lib\site-packages
[ ERROR ] Error in file 'C:\Users\Yahya\IdeaProjects\Robot\Pages\BasePage.robot' on line 3: Importing library 'SeleniumLibrary' failed: ModuleNotFoundError: No module named 'SeleniumLibrary'
Traceback (most recent call last):
  None
PYTHONPATH:
  C:\Users\Yahya\IdeaProjects\Robot\.venv\Scripts\robot.exe
  C:\Users\Yahya\AppData\Local\Programs\Python\Python312\python312.zip
  C:\Users\Yahya\AppData\Local\Programs\Python\Python312\DLLs
  C:\Users\Yahya\AppData\Local\Programs\Python\Python312\Lib
  C:\Users\Yahya\AppData\Local\Programs\Python\Python312
  c:\Users\Yahya\IdeaProjects\Robot\.venv
  c:\Users\Yahya\IdeaProjects\Robot\.venv\Lib\site-packages
[ ERROR ] Error in file 'C:\Users\Yahya\IdeaProjects\Robot\Pages\Cookies.robot' on line 2: Importing library 'SeleniumLibrary' failed: ModuleNotFoundError: No module named 'SeleniumLibrary'
Traceback (most recent call last):
  None
PYTHONPATH:
  C:\Users\Yahya\IdeaProjects\Robot\.venv\Scripts\robot.exe
  C:\Users\Yahya\AppData\Local\Programs\Python\Python312\python312.zip
  C:\Users\Yahya\AppData\Local\Programs\Python\Python312\DLLs
  C:\Users\Yahya\AppData\Local\Programs\Python\Python312\Lib
  C:\Users\Yahya\AppData\Local\Programs\Python\Python312
  c:\Users\Yahya\IdeaProjects\Robot\.venv
  c:\Users\Yahya\IdeaProjects\Robot\.venv\Lib\site-packages
